{"/Users/maksimlitvinov/hexlet/test/st/frontend-project-lvl2/src/compareData.js": {"path":"/Users/maksimlitvinov/hexlet/test/st/frontend-project-lvl2/src/compareData.js","all":false,"statementMap":{"0":{"start":{"line":1,"column":0},"end":{"line":1,"column":23}},"1":{"start":{"line":2,"column":0},"end":{"line":2,"column":0}},"2":{"start":{"line":3,"column":0},"end":{"line":3,"column":33}},"3":{"start":{"line":4,"column":0},"end":{"line":4,"column":37}},"4":{"start":{"line":5,"column":0},"end":{"line":5,"column":37}},"5":{"start":{"line":6,"column":0},"end":{"line":6,"column":44}},"6":{"start":{"line":7,"column":0},"end":{"line":7,"column":35}},"7":{"start":{"line":8,"column":0},"end":{"line":8,"column":41}},"8":{"start":{"line":9,"column":0},"end":{"line":9,"column":32}},"9":{"start":{"line":10,"column":0},"end":{"line":10,"column":32}},"10":{"start":{"line":11,"column":0},"end":{"line":11,"column":0}},"11":{"start":{"line":12,"column":0},"end":{"line":12,"column":43}},"12":{"start":{"line":13,"column":0},"end":{"line":13,"column":29}},"13":{"start":{"line":14,"column":0},"end":{"line":14,"column":29}},"14":{"start":{"line":15,"column":0},"end":{"line":15,"column":0}},"15":{"start":{"line":16,"column":0},"end":{"line":16,"column":74}},"16":{"start":{"line":17,"column":0},"end":{"line":17,"column":14}},"17":{"start":{"line":18,"column":0},"end":{"line":18,"column":26}},"18":{"start":{"line":19,"column":0},"end":{"line":19,"column":12}},"19":{"start":{"line":20,"column":0},"end":{"line":20,"column":22}},"20":{"start":{"line":21,"column":0},"end":{"line":21,"column":8}},"21":{"start":{"line":22,"column":0},"end":{"line":22,"column":5}},"22":{"start":{"line":23,"column":0},"end":{"line":23,"column":74}},"23":{"start":{"line":24,"column":0},"end":{"line":24,"column":14}},"24":{"start":{"line":25,"column":0},"end":{"line":25,"column":26}},"25":{"start":{"line":26,"column":0},"end":{"line":26,"column":12}},"26":{"start":{"line":27,"column":0},"end":{"line":27,"column":22}},"27":{"start":{"line":28,"column":0},"end":{"line":28,"column":23}},"28":{"start":{"line":29,"column":0},"end":{"line":29,"column":8}},"29":{"start":{"line":30,"column":0},"end":{"line":30,"column":5}},"30":{"start":{"line":31,"column":0},"end":{"line":31,"column":54}},"31":{"start":{"line":32,"column":0},"end":{"line":32,"column":14}},"32":{"start":{"line":33,"column":0},"end":{"line":33,"column":24}},"33":{"start":{"line":34,"column":0},"end":{"line":34,"column":12}},"34":{"start":{"line":35,"column":0},"end":{"line":35,"column":22}},"35":{"start":{"line":36,"column":0},"end":{"line":36,"column":8}},"36":{"start":{"line":37,"column":0},"end":{"line":37,"column":5}},"37":{"start":{"line":38,"column":0},"end":{"line":38,"column":57}},"38":{"start":{"line":39,"column":0},"end":{"line":39,"column":12}},"39":{"start":{"line":40,"column":0},"end":{"line":40,"column":22}},"40":{"start":{"line":41,"column":0},"end":{"line":41,"column":10}},"41":{"start":{"line":42,"column":0},"end":{"line":42,"column":20}},"42":{"start":{"line":43,"column":0},"end":{"line":43,"column":6}},"43":{"start":{"line":44,"column":0},"end":{"line":44,"column":5}},"44":{"start":{"line":45,"column":0},"end":{"line":45,"column":0}},"45":{"start":{"line":46,"column":0},"end":{"line":46,"column":16}},"46":{"start":{"line":47,"column":0},"end":{"line":47,"column":2}},"47":{"start":{"line":48,"column":0},"end":{"line":48,"column":23}}},"s":{"0":1,"1":1,"2":1,"3":1,"4":1,"5":1,"6":1,"7":1,"8":1,"9":1,"10":1,"11":1,"12":2,"13":2,"14":2,"15":2,"16":2,"17":2,"18":2,"19":2,"20":2,"21":2,"22":2,"23":2,"24":2,"25":2,"26":2,"27":2,"28":2,"29":2,"30":2,"31":2,"32":2,"33":2,"34":2,"35":2,"36":2,"37":2,"38":2,"39":2,"40":2,"41":2,"42":2,"43":2,"44":1,"45":1,"46":1,"47":1},"branchMap":{"0":{"type":"branch","line":3,"loc":{"start":{"line":3,"column":16},"end":{"line":47,"column":2}},"locations":[{"start":{"line":3,"column":16},"end":{"line":47,"column":2}}]},"1":{"type":"branch","line":12,"loc":{"start":{"line":12,"column":34},"end":{"line":44,"column":5}},"locations":[{"start":{"line":12,"column":34},"end":{"line":44,"column":5}}]},"2":{"type":"branch","line":16,"loc":{"start":{"line":16,"column":8},"end":{"line":16,"column":36}},"locations":[{"start":{"line":16,"column":8},"end":{"line":16,"column":36}}]},"3":{"type":"branch","line":16,"loc":{"start":{"line":16,"column":8},"end":{"line":16,"column":73}},"locations":[{"start":{"line":16,"column":8},"end":{"line":16,"column":73}}]},"4":{"type":"branch","line":16,"loc":{"start":{"line":16,"column":73},"end":{"line":22,"column":5}},"locations":[{"start":{"line":16,"column":73},"end":{"line":22,"column":5}}]},"5":{"type":"branch","line":23,"loc":{"start":{"line":23,"column":-1},"end":{"line":23,"column":13}},"locations":[{"start":{"line":23,"column":-1},"end":{"line":23,"column":13}}]},"6":{"type":"branch","line":23,"loc":{"start":{"line":23,"column":8},"end":{"line":23,"column":36}},"locations":[{"start":{"line":23,"column":8},"end":{"line":23,"column":36}}]},"7":{"type":"branch","line":23,"loc":{"start":{"line":23,"column":8},"end":{"line":23,"column":73}},"locations":[{"start":{"line":23,"column":8},"end":{"line":23,"column":73}}]},"8":{"type":"branch","line":23,"loc":{"start":{"line":23,"column":73},"end":{"line":30,"column":5}},"locations":[{"start":{"line":23,"column":73},"end":{"line":30,"column":5}}]},"9":{"type":"branch","line":31,"loc":{"start":{"line":31,"column":-1},"end":{"line":31,"column":13}},"locations":[{"start":{"line":31,"column":-1},"end":{"line":31,"column":13}}]},"10":{"type":"branch","line":31,"loc":{"start":{"line":31,"column":8},"end":{"line":31,"column":37}},"locations":[{"start":{"line":31,"column":8},"end":{"line":31,"column":37}}]},"11":{"type":"branch","line":31,"loc":{"start":{"line":31,"column":53},"end":{"line":37,"column":5}},"locations":[{"start":{"line":31,"column":53},"end":{"line":37,"column":5}}]},"12":{"type":"branch","line":12,"loc":{"start":{"line":12,"column":42},"end":{"line":44,"column":5}},"locations":[{"start":{"line":12,"column":42},"end":{"line":44,"column":5}}]}},"b":{"0":[1],"1":[5],"2":[3],"3":[2],"4":[1],"5":[4],"6":[2],"7":[1],"8":[1],"9":[3],"10":[1],"11":[1],"12":[2]},"fnMap":{"0":{"name":"getDiff","decl":{"start":{"line":3,"column":16},"end":{"line":47,"column":2}},"loc":{"start":{"line":3,"column":16},"end":{"line":47,"column":2}},"line":3}},"f":{"0":1}}
,"/Users/maksimlitvinov/hexlet/test/st/frontend-project-lvl2/src/converter.js": {"path":"/Users/maksimlitvinov/hexlet/test/st/frontend-project-lvl2/src/converter.js","all":false,"statementMap":{"0":{"start":{"line":1,"column":0},"end":{"line":1,"column":47}},"1":{"start":{"line":2,"column":0},"end":{"line":2,"column":37}},"2":{"start":{"line":3,"column":0},"end":{"line":3,"column":31}},"3":{"start":{"line":4,"column":0},"end":{"line":4,"column":3}},"4":{"start":{"line":5,"column":0},"end":{"line":5,"column":13}},"5":{"start":{"line":6,"column":0},"end":{"line":6,"column":2}},"6":{"start":{"line":7,"column":0},"end":{"line":7,"column":0}},"7":{"start":{"line":8,"column":0},"end":{"line":8,"column":28}}},"s":{"0":1,"1":2,"2":2,"3":2,"4":0,"5":0,"6":1,"7":1},"branchMap":{"0":{"type":"branch","line":1,"loc":{"start":{"line":1,"column":21},"end":{"line":6,"column":2}},"locations":[{"start":{"line":1,"column":21},"end":{"line":6,"column":2}}]},"1":{"type":"branch","line":5,"loc":{"start":{"line":5,"column":-1},"end":{"line":6,"column":2}},"locations":[{"start":{"line":5,"column":-1},"end":{"line":6,"column":2}}]}},"b":{"0":[2],"1":[0]},"fnMap":{"0":{"name":"defineFormat","decl":{"start":{"line":1,"column":21},"end":{"line":6,"column":2}},"loc":{"start":{"line":1,"column":21},"end":{"line":6,"column":2}},"line":1}},"f":{"0":2}}
,"/Users/maksimlitvinov/hexlet/test/st/frontend-project-lvl2/src/getFormat.js": {"path":"/Users/maksimlitvinov/hexlet/test/st/frontend-project-lvl2/src/getFormat.js","all":false,"statementMap":{"0":{"start":{"line":1,"column":0},"end":{"line":1,"column":30}},"1":{"start":{"line":2,"column":0},"end":{"line":2,"column":37}},"2":{"start":{"line":3,"column":0},"end":{"line":3,"column":35}},"3":{"start":{"line":4,"column":0},"end":{"line":4,"column":47}},"4":{"start":{"line":5,"column":0},"end":{"line":5,"column":5}},"5":{"start":{"line":6,"column":0},"end":{"line":6,"column":33}},"6":{"start":{"line":7,"column":0},"end":{"line":7,"column":47}},"7":{"start":{"line":8,"column":0},"end":{"line":8,"column":5}},"8":{"start":{"line":9,"column":0},"end":{"line":9,"column":33}},"9":{"start":{"line":10,"column":0},"end":{"line":10,"column":47}},"10":{"start":{"line":11,"column":0},"end":{"line":11,"column":5}},"11":{"start":{"line":12,"column":0},"end":{"line":12,"column":38}},"12":{"start":{"line":13,"column":0},"end":{"line":13,"column":79}},"13":{"start":{"line":14,"column":0},"end":{"line":14,"column":5}},"14":{"start":{"line":15,"column":0},"end":{"line":15,"column":40}},"15":{"start":{"line":16,"column":0},"end":{"line":16,"column":42}},"16":{"start":{"line":17,"column":0},"end":{"line":17,"column":2}},"17":{"start":{"line":18,"column":0},"end":{"line":18,"column":0}},"18":{"start":{"line":19,"column":0},"end":{"line":19,"column":25}}},"s":{"0":1,"1":1,"2":5,"3":1,"4":1,"5":5,"6":2,"7":2,"8":5,"9":1,"10":1,"11":1,"12":1,"13":1,"14":1,"15":1,"16":1,"17":1,"18":1},"branchMap":{"0":{"type":"branch","line":1,"loc":{"start":{"line":1,"column":19},"end":{"line":17,"column":2}},"locations":[{"start":{"line":1,"column":19},"end":{"line":17,"column":2}}]},"1":{"type":"branch","line":2,"loc":{"start":{"line":2,"column":28},"end":{"line":14,"column":5}},"locations":[{"start":{"line":2,"column":28},"end":{"line":14,"column":5}}]},"2":{"type":"branch","line":3,"loc":{"start":{"line":3,"column":34},"end":{"line":5,"column":5}},"locations":[{"start":{"line":3,"column":34},"end":{"line":5,"column":5}}]},"3":{"type":"branch","line":6,"loc":{"start":{"line":6,"column":-1},"end":{"line":6,"column":8}},"locations":[{"start":{"line":6,"column":-1},"end":{"line":6,"column":8}}]},"4":{"type":"branch","line":6,"loc":{"start":{"line":6,"column":32},"end":{"line":9,"column":8}},"locations":[{"start":{"line":6,"column":32},"end":{"line":9,"column":8}}]},"5":{"type":"branch","line":9,"loc":{"start":{"line":9,"column":32},"end":{"line":14,"column":5}},"locations":[{"start":{"line":9,"column":32},"end":{"line":14,"column":5}}]}},"b":{"0":[1],"1":[5],"2":[1],"3":[4],"4":[2],"5":[1]},"fnMap":{"0":{"name":"getFormat","decl":{"start":{"line":1,"column":19},"end":{"line":17,"column":2}},"loc":{"start":{"line":1,"column":19},"end":{"line":17,"column":2}},"line":1}},"f":{"0":1}}
,"/Users/maksimlitvinov/hexlet/test/st/frontend-project-lvl2/src/getPath.js": {"path":"/Users/maksimlitvinov/hexlet/test/st/frontend-project-lvl2/src/getPath.js","all":false,"statementMap":{"0":{"start":{"line":1,"column":0},"end":{"line":1,"column":24}},"1":{"start":{"line":2,"column":0},"end":{"line":2,"column":0}},"2":{"start":{"line":3,"column":0},"end":{"line":3,"column":26}},"3":{"start":{"line":4,"column":0},"end":{"line":4,"column":28}},"4":{"start":{"line":5,"column":0},"end":{"line":5,"column":15}},"5":{"start":{"line":6,"column":0},"end":{"line":6,"column":3}},"6":{"start":{"line":7,"column":0},"end":{"line":7,"column":42}},"7":{"start":{"line":8,"column":0},"end":{"line":8,"column":2}},"8":{"start":{"line":9,"column":0},"end":{"line":9,"column":23}}},"s":{"0":1,"1":1,"2":1,"3":2,"4":2,"5":2,"6":0,"7":0,"8":1},"branchMap":{"0":{"type":"branch","line":3,"loc":{"start":{"line":3,"column":17},"end":{"line":8,"column":2}},"locations":[{"start":{"line":3,"column":17},"end":{"line":8,"column":2}}]},"1":{"type":"branch","line":7,"loc":{"start":{"line":7,"column":-1},"end":{"line":8,"column":2}},"locations":[{"start":{"line":7,"column":-1},"end":{"line":8,"column":2}}]}},"b":{"0":[2],"1":[0]},"fnMap":{"0":{"name":"getPath","decl":{"start":{"line":3,"column":17},"end":{"line":8,"column":2}},"loc":{"start":{"line":3,"column":17},"end":{"line":8,"column":2}},"line":3}},"f":{"0":2}}
,"/Users/maksimlitvinov/hexlet/test/st/frontend-project-lvl2/src/index.js": {"path":"/Users/maksimlitvinov/hexlet/test/st/frontend-project-lvl2/src/index.js","all":false,"statementMap":{"0":{"start":{"line":1,"column":0},"end":{"line":1,"column":26}},"1":{"start":{"line":2,"column":0},"end":{"line":2,"column":20}},"2":{"start":{"line":3,"column":0},"end":{"line":3,"column":27}},"3":{"start":{"line":4,"column":0},"end":{"line":4,"column":39}},"4":{"start":{"line":5,"column":0},"end":{"line":5,"column":42}},"5":{"start":{"line":6,"column":0},"end":{"line":6,"column":35}},"6":{"start":{"line":7,"column":0},"end":{"line":7,"column":39}},"7":{"start":{"line":8,"column":0},"end":{"line":8,"column":0}},"8":{"start":{"line":9,"column":0},"end":{"line":9,"column":43}},"9":{"start":{"line":10,"column":0},"end":{"line":10,"column":33}},"10":{"start":{"line":11,"column":0},"end":{"line":11,"column":51}},"11":{"start":{"line":12,"column":0},"end":{"line":12,"column":51}},"12":{"start":{"line":13,"column":0},"end":{"line":13,"column":31}},"13":{"start":{"line":14,"column":0},"end":{"line":14,"column":0}},"14":{"start":{"line":15,"column":0},"end":{"line":15,"column":59}},"15":{"start":{"line":16,"column":0},"end":{"line":16,"column":59}},"16":{"start":{"line":17,"column":0},"end":{"line":17,"column":40}},"17":{"start":{"line":18,"column":0},"end":{"line":18,"column":0}},"18":{"start":{"line":19,"column":0},"end":{"line":19,"column":57}},"19":{"start":{"line":20,"column":0},"end":{"line":20,"column":57}},"20":{"start":{"line":21,"column":0},"end":{"line":21,"column":18}},"21":{"start":{"line":22,"column":0},"end":{"line":22,"column":0}},"22":{"start":{"line":23,"column":0},"end":{"line":23,"column":53}},"23":{"start":{"line":24,"column":0},"end":{"line":24,"column":0}},"24":{"start":{"line":25,"column":0},"end":{"line":25,"column":21}},"25":{"start":{"line":26,"column":0},"end":{"line":26,"column":2}},"26":{"start":{"line":27,"column":0},"end":{"line":27,"column":0}},"27":{"start":{"line":28,"column":0},"end":{"line":28,"column":23}}},"s":{"0":1,"1":1,"2":1,"3":1,"4":1,"5":1,"6":1,"7":1,"8":1,"9":1,"10":1,"11":1,"12":1,"13":1,"14":1,"15":1,"16":1,"17":1,"18":1,"19":1,"20":1,"21":1,"22":1,"23":1,"24":1,"25":1,"26":1,"27":1},"branchMap":{"0":{"type":"branch","line":9,"loc":{"start":{"line":9,"column":16},"end":{"line":26,"column":2}},"locations":[{"start":{"line":9,"column":16},"end":{"line":26,"column":2}}]}},"b":{"0":[1]},"fnMap":{"0":{"name":"genDiff","decl":{"start":{"line":9,"column":16},"end":{"line":26,"column":2}},"loc":{"start":{"line":9,"column":16},"end":{"line":26,"column":2}},"line":9}},"f":{"0":1}}
}
