TN:
SF:src/compareData.js
FN:3,getDiff
FNF:1
FNH:1
FNDA:1,getDiff
DA:1,1
DA:2,1
DA:3,1
DA:4,1
DA:5,1
DA:6,1
DA:7,1
DA:8,1
DA:9,1
DA:10,1
DA:11,1
DA:12,1
DA:13,2
DA:14,2
DA:15,2
DA:16,2
DA:17,2
DA:18,2
DA:19,2
DA:20,2
DA:21,2
DA:22,2
DA:23,2
DA:24,2
DA:25,2
DA:26,2
DA:27,2
DA:28,2
DA:29,2
DA:30,2
DA:31,2
DA:32,2
DA:33,2
DA:34,2
DA:35,2
DA:36,2
DA:37,2
DA:38,2
DA:39,2
DA:40,2
DA:41,2
DA:42,2
DA:43,2
DA:44,2
DA:45,1
DA:46,1
DA:47,1
DA:48,1
LF:48
LH:48
BRDA:3,0,0,1
BRDA:12,1,0,5
BRDA:16,2,0,3
BRDA:16,3,0,2
BRDA:16,4,0,1
BRDA:23,5,0,4
BRDA:23,6,0,2
BRDA:23,7,0,1
BRDA:23,8,0,1
BRDA:31,9,0,3
BRDA:31,10,0,1
BRDA:31,11,0,1
BRDA:12,12,0,2
BRF:13
BRH:13
end_of_record
TN:
SF:src/converter.js
FN:1,defineFormat
FNF:1
FNH:1
FNDA:2,defineFormat
DA:1,1
DA:2,2
DA:3,2
DA:4,2
DA:5,0
DA:6,0
DA:7,1
DA:8,1
LF:8
LH:6
BRDA:1,0,0,2
BRDA:5,1,0,0
BRF:2
BRH:1
end_of_record
TN:
SF:src/getFormat.js
FN:1,getFormat
FNF:1
FNH:1
FNDA:1,getFormat
DA:1,1
DA:2,1
DA:3,5
DA:4,1
DA:5,1
DA:6,5
DA:7,2
DA:8,2
DA:9,5
DA:10,1
DA:11,1
DA:12,1
DA:13,1
DA:14,1
DA:15,1
DA:16,1
DA:17,1
DA:18,1
DA:19,1
LF:19
LH:19
BRDA:1,0,0,1
BRDA:2,1,0,5
BRDA:3,2,0,1
BRDA:6,3,0,4
BRDA:6,4,0,2
BRDA:9,5,0,1
BRF:6
BRH:6
end_of_record
TN:
SF:src/getPath.js
FN:3,getPath
FNF:1
FNH:1
FNDA:2,getPath
DA:1,1
DA:2,1
DA:3,1
DA:4,2
DA:5,2
DA:6,2
DA:7,0
DA:8,0
DA:9,1
LF:9
LH:7
BRDA:3,0,0,2
BRDA:7,1,0,0
BRF:2
BRH:1
end_of_record
TN:
SF:src/index.js
FN:9,genDiff
FNF:1
FNH:1
FNDA:1,genDiff
DA:1,1
DA:2,1
DA:3,1
DA:4,1
DA:5,1
DA:6,1
DA:7,1
DA:8,1
DA:9,1
DA:10,1
DA:11,1
DA:12,1
DA:13,1
DA:14,1
DA:15,1
DA:16,1
DA:17,1
DA:18,1
DA:19,1
DA:20,1
DA:21,1
DA:22,1
DA:23,1
DA:24,1
DA:25,1
DA:26,1
DA:27,1
DA:28,1
LF:28
LH:28
BRDA:9,0,0,1
BRF:1
BRH:1
end_of_record
